{
  "numFailedTestSuites": 0,
  "numFailedTests": 0,
  "numPassedTestSuites": 1,
  "numPassedTests": 5,
  "numPendingTestSuites": 0,
  "numPendingTests": 0,
  "numRuntimeErrorTestSuites": 0,
  "numTodoTests": 0,
  "numTotalTestSuites": 1,
  "numTotalTests": 5,
  "openHandles": [],
  "snapshot": {
    "added": 0,
    "didUpdate": false,
    "failure": false,
    "filesAdded": 0,
    "filesRemoved": 0,
    "filesRemovedList": [],
    "filesUnmatched": 0,
    "filesUpdated": 0,
    "matched": 0,
    "total": 0,
    "unchecked": 0,
    "uncheckedKeysByFile": [],
    "unmatched": 0,
    "updated": 0
  },
  "startTime": 1672293349895,
  "success": false,
  "testResults": [
    {
      "leaks": false,
      "numFailingTests": 0,
      "numPassingTests": 5,
      "numPendingTests": 0,
      "numTodoTests": 0,
      "openHandles": [],
      "perfStats": {
        "end": 1672293352927,
        "runtime": 2910,
        "slow": false,
        "start": 1672293350017
      },
      "skipped": false,
      "snapshot": {
        "added": 0,
        "fileDeleted": false,
        "matched": 0,
        "unchecked": 0,
        "uncheckedKeys": [],
        "unmatched": 0,
        "updated": 0
      },
      "testFilePath": "/Users/ashokdhokare/Documents/nodejs/test/integration/role_jest.test.js",
      "testResults": [
        {
          "ancestorTitles": [
            "Role API's Testing : ",
            "GET /api/getRoles"
          ],
          "duration": 24,
          "failureDetails": [],
          "failureMessages": [],
          "fullName": "Role API's Testing :  GET /api/getRoles it should get all the roles",
          "invocations": 1,
          "location": null,
          "numPassingAsserts": 0,
          "retryReasons": [],
          "status": "passed",
          "title": "it should get all the roles"
        },
        {
          "ancestorTitles": [
            "Role API's Testing : ",
            "POST /api/getRoleById/:id"
          ],
          "duration": 16,
          "failureDetails": [],
          "failureMessages": [],
          "fullName": "Role API's Testing :  POST /api/getRoleById/:id it should get Role details by id",
          "invocations": 1,
          "location": null,
          "numPassingAsserts": 0,
          "retryReasons": [],
          "status": "passed",
          "title": "it should get Role details by id"
        },
        {
          "ancestorTitles": [
            "Role API's Testing : ",
            "POST /api/createRole"
          ],
          "duration": 20,
          "failureDetails": [],
          "failureMessages": [],
          "fullName": "Role API's Testing :  POST /api/createRole Create New Role",
          "invocations": 1,
          "location": null,
          "numPassingAsserts": 0,
          "retryReasons": [],
          "status": "passed",
          "title": "Create New Role"
        },
        {
          "ancestorTitles": [
            "Role API's Testing : ",
            "PUT /api/updateRole/:id"
          ],
          "duration": 26,
          "failureDetails": [],
          "failureMessages": [],
          "fullName": "Role API's Testing :  PUT /api/updateRole/:id Role Updated by role id",
          "invocations": 1,
          "location": null,
          "numPassingAsserts": 0,
          "retryReasons": [],
          "status": "passed",
          "title": "Role Updated by role id"
        },
        {
          "ancestorTitles": [
            "Role API's Testing : ",
            "PUT /api/deleteRole/:id "
          ],
          "duration": 19,
          "failureDetails": [],
          "failureMessages": [],
          "fullName": "Role API's Testing :  PUT /api/deleteRole/:id  Delete Role by id api",
          "invocations": 1,
          "location": null,
          "numPassingAsserts": 0,
          "retryReasons": [],
          "status": "passed",
          "title": "Delete Role by id api"
        }
      ],
      "failureMessage": null
    }
  ],
  "wasInterrupted": false
}