{"/Users/ashokdhokare/Documents/nodejs/index.js": {"path":"/Users/ashokdhokare/Documents/nodejs/index.js","statementMap":{"0":{"start":{"line":1,"column":0},"end":{"line":1,"column":27}},"1":{"start":{"line":2,"column":16},"end":{"line":2,"column":34}},"2":{"start":{"line":3,"column":17},"end":{"line":3,"column":47}},"3":{"start":{"line":4,"column":15},"end":{"line":4,"column":32}},"4":{"start":{"line":7,"column":18},"end":{"line":7,"column":42}},"5":{"start":{"line":8,"column":18},"end":{"line":8,"column":42}},"6":{"start":{"line":9,"column":19},"end":{"line":9,"column":44}},"7":{"start":{"line":10,"column":19},"end":{"line":10,"column":44}},"8":{"start":{"line":12,"column":18},"end":{"line":12,"column":49}},"9":{"start":{"line":13,"column":19},"end":{"line":13,"column":50}},"10":{"start":{"line":16,"column":22},"end":{"line":16,"column":50}},"11":{"start":{"line":18,"column":13},"end":{"line":18,"column":36}},"12":{"start":{"line":19,"column":13},"end":{"line":19,"column":36}},"13":{"start":{"line":21,"column":18},"end":{"line":21,"column":47}},"14":{"start":{"line":22,"column":20},"end":{"line":22,"column":52}},"15":{"start":{"line":24,"column":19},"end":{"line":24,"column":55}},"16":{"start":{"line":27,"column":13},"end":{"line":27,"column":28}},"17":{"start":{"line":30,"column":16},"end":{"line":30,"column":38}},"18":{"start":{"line":31,"column":17},"end":{"line":33,"column":1}},"19":{"start":{"line":35,"column":12},"end":{"line":35,"column":21}},"20":{"start":{"line":36,"column":13},"end":{"line":36,"column":17}},"21":{"start":{"line":37,"column":17},"end":{"line":37,"column":28}},"22":{"start":{"line":70,"column":0},"end":{"line":70,"column":17}},"23":{"start":{"line":71,"column":0},"end":{"line":71,"column":26}},"24":{"start":{"line":72,"column":0},"end":{"line":72,"column":24}},"25":{"start":{"line":73,"column":0},"end":{"line":73,"column":48}},"26":{"start":{"line":74,"column":0},"end":{"line":74,"column":26}},"27":{"start":{"line":75,"column":0},"end":{"line":75,"column":26}},"28":{"start":{"line":76,"column":0},"end":{"line":76,"column":26}},"29":{"start":{"line":77,"column":0},"end":{"line":77,"column":27}},"30":{"start":{"line":78,"column":0},"end":{"line":78,"column":66}},"31":{"start":{"line":79,"column":0},"end":{"line":79,"column":30}},"32":{"start":{"line":87,"column":0},"end":{"line":87,"column":30}},"33":{"start":{"line":89,"column":0},"end":{"line":94,"column":4}},"34":{"start":{"line":97,"column":11},"end":{"line":103,"column":1}},"35":{"start":{"line":106,"column":0},"end":{"line":109,"column":2}},"36":{"start":{"line":107,"column":2},"end":{"line":108,"column":3}},"37":{"start":{"line":111,"column":0},"end":{"line":113,"column":2}},"38":{"start":{"line":112,"column":2},"end":{"line":112,"column":53}},"39":{"start":{"line":115,"column":0},"end":{"line":115,"column":34}},"40":{"start":{"line":122,"column":0},"end":{"line":125,"column":1}},"41":{"start":{"line":123,"column":2},"end":{"line":124,"column":4}},"42":{"start":{"line":127,"column":0},"end":{"line":127,"column":21}}},"fnMap":{"0":{"name":"(anonymous_0)","decl":{"start":{"line":106,"column":25},"end":{"line":106,"column":26}},"loc":{"start":{"line":106,"column":36},"end":{"line":109,"column":1}},"line":106},"1":{"name":"(anonymous_1)","decl":{"start":{"line":111,"column":15},"end":{"line":111,"column":16}},"loc":{"start":{"line":111,"column":26},"end":{"line":113,"column":1}},"line":111},"2":{"name":"(anonymous_2)","decl":{"start":{"line":123,"column":27},"end":{"line":123,"column":28}},"loc":{"start":{"line":123,"column":33},"end":{"line":124,"column":3}},"line":123}},"branchMap":{"0":{"loc":{"start":{"line":122,"column":0},"end":{"line":125,"column":1}},"type":"if","locations":[{"start":{"line":122,"column":0},"end":{"line":125,"column":1}},{"start":{},"end":{}}],"line":122}},"s":{"0":1,"1":1,"2":1,"3":1,"4":1,"5":1,"6":1,"7":1,"8":1,"9":1,"10":1,"11":1,"12":1,"13":1,"14":1,"15":1,"16":1,"17":1,"18":1,"19":1,"20":1,"21":1,"22":1,"23":1,"24":1,"25":1,"26":1,"27":1,"28":1,"29":1,"30":1,"31":1,"32":1,"33":1,"34":1,"35":1,"36":0,"37":1,"38":0,"39":1,"40":1,"41":0,"42":1},"f":{"0":0,"1":0,"2":0},"b":{"0":[0,1]},"_coverageSchema":"1a1c01bbd47fc00a2c39e90264f33305004495a9","hash":"043bb2d8740655d8024258085736bbb4f3c83d58"}
,"/Users/ashokdhokare/Documents/nodejs/Cronjob/sendEmailCron.js": {"path":"/Users/ashokdhokare/Documents/nodejs/Cronjob/sendEmailCron.js","statementMap":{"0":{"start":{"line":1,"column":17},"end":{"line":1,"column":37}},"1":{"start":{"line":2,"column":18},"end":{"line":2,"column":39}},"2":{"start":{"line":4,"column":18},"end":{"line":4,"column":46}},"3":{"start":{"line":8,"column":22},"end":{"line":57,"column":1}},"4":{"start":{"line":9,"column":4},"end":{"line":9,"column":31}},"5":{"start":{"line":10,"column":4},"end":{"line":56,"column":5}},"6":{"start":{"line":11,"column":20},"end":{"line":53,"column":13}},"7":{"start":{"line":12,"column":12},"end":{"line":12,"column":53}},"8":{"start":{"line":14,"column":12},"end":{"line":51,"column":13}},"9":{"start":{"line":17,"column":34},"end":{"line":25,"column":18}},"10":{"start":{"line":27,"column":16},"end":{"line":27,"column":31}},"11":{"start":{"line":30,"column":30},"end":{"line":36,"column":17}},"12":{"start":{"line":38,"column":16},"end":{"line":47,"column":19}},"13":{"start":{"line":39,"column":20},"end":{"line":42,"column":21}},"14":{"start":{"line":40,"column":24},"end":{"line":40,"column":70}},"15":{"start":{"line":41,"column":24},"end":{"line":41,"column":47}},"16":{"start":{"line":44,"column":20},"end":{"line":44,"column":68}},"17":{"start":{"line":46,"column":20},"end":{"line":46,"column":87}},"18":{"start":{"line":48,"column":16},"end":{"line":48,"column":68}},"19":{"start":{"line":50,"column":16},"end":{"line":50,"column":45}},"20":{"start":{"line":55,"column":8},"end":{"line":55,"column":73}},"21":{"start":{"line":62,"column":2},"end":{"line":64,"column":3}}},"fnMap":{"0":{"name":"(anonymous_0)","decl":{"start":{"line":8,"column":22},"end":{"line":8,"column":23}},"loc":{"start":{"line":8,"column":46},"end":{"line":57,"column":1}},"line":8},"1":{"name":"(anonymous_1)","decl":{"start":{"line":11,"column":52},"end":{"line":11,"column":53}},"loc":{"start":{"line":11,"column":58},"end":{"line":53,"column":11}},"line":11},"2":{"name":"(anonymous_2)","decl":{"start":{"line":38,"column":46},"end":{"line":38,"column":47}},"loc":{"start":{"line":38,"column":61},"end":{"line":47,"column":17}},"line":38}},"branchMap":{"0":{"loc":{"start":{"line":39,"column":20},"end":{"line":42,"column":21}},"type":"if","locations":[{"start":{"line":39,"column":20},"end":{"line":42,"column":21}},{"start":{},"end":{}}],"line":39}},"s":{"0":1,"1":1,"2":1,"3":1,"4":0,"5":0,"6":0,"7":0,"8":0,"9":0,"10":0,"11":0,"12":0,"13":0,"14":0,"15":0,"16":0,"17":0,"18":0,"19":0,"20":0,"21":1},"f":{"0":0,"1":0,"2":0},"b":{"0":[0,0]},"_coverageSchema":"1a1c01bbd47fc00a2c39e90264f33305004495a9","hash":"03b4742e27bad2330c2efa6c980a95ceff010712"}
,"/Users/ashokdhokare/Documents/nodejs/Database/database.js": {"path":"/Users/ashokdhokare/Documents/nodejs/Database/database.js","statementMap":{"0":{"start":{"line":1,"column":0},"end":{"line":1,"column":27}},"1":{"start":{"line":2,"column":20},"end":{"line":2,"column":44}},"2":{"start":{"line":3,"column":17},"end":{"line":3,"column":36}},"3":{"start":{"line":5,"column":0},"end":{"line":5,"column":35}},"4":{"start":{"line":8,"column":2},"end":{"line":16,"column":7}},"5":{"start":{"line":15,"column":6},"end":{"line":15,"column":22}}},"fnMap":{"0":{"name":"(anonymous_0)","decl":{"start":{"line":11,"column":12},"end":{"line":11,"column":13}},"loc":{"start":{"line":11,"column":16},"end":{"line":13,"column":5}},"line":11},"1":{"name":"(anonymous_1)","decl":{"start":{"line":13,"column":13},"end":{"line":13,"column":14}},"loc":{"start":{"line":13,"column":19},"end":{"line":16,"column":5}},"line":13}},"branchMap":{},"s":{"0":1,"1":1,"2":1,"3":1,"4":1,"5":0},"f":{"0":1,"1":0},"b":{},"_coverageSchema":"1a1c01bbd47fc00a2c39e90264f33305004495a9","hash":"15356f3a575d2b9147d7a848a9cbb8819e315302"}
,"/Users/ashokdhokare/Documents/nodejs/controller/LoginController.js": {"path":"/Users/ashokdhokare/Documents/nodejs/controller/LoginController.js","statementMap":{"0":{"start":{"line":1,"column":0},"end":{"line":1,"column":27}},"1":{"start":{"line":2,"column":13},"end":{"line":2,"column":37}},"2":{"start":{"line":3,"column":17},"end":{"line":3,"column":48}},"3":{"start":{"line":5,"column":20},"end":{"line":5,"column":44}},"4":{"start":{"line":6,"column":17},"end":{"line":6,"column":38}},"5":{"start":{"line":7,"column":23},"end":{"line":7,"column":38}},"6":{"start":{"line":8,"column":12},"end":{"line":8,"column":26}},"7":{"start":{"line":9,"column":12},"end":{"line":9,"column":35}},"8":{"start":{"line":10,"column":13},"end":{"line":10,"column":37}},"9":{"start":{"line":11,"column":15},"end":{"line":11,"column":32}},"10":{"start":{"line":13,"column":14},"end":{"line":128,"column":1}},"11":{"start":{"line":27,"column":2},"end":{"line":127,"column":3}},"12":{"start":{"line":28,"column":19},"end":{"line":38,"column":6}},"13":{"start":{"line":40,"column":27},"end":{"line":40,"column":52}},"14":{"start":{"line":42,"column":4},"end":{"line":49,"column":5}},"15":{"start":{"line":48,"column":6},"end":{"line":48,"column":69}},"16":{"start":{"line":51,"column":17},"end":{"line":53,"column":13}},"17":{"start":{"line":54,"column":17},"end":{"line":54,"column":71}},"18":{"start":{"line":56,"column":4},"end":{"line":63,"column":5}},"19":{"start":{"line":62,"column":6},"end":{"line":62,"column":72}},"20":{"start":{"line":79,"column":18},"end":{"line":79,"column":72}},"21":{"start":{"line":80,"column":4},"end":{"line":119,"column":5}},"22":{"start":{"line":82,"column":20},"end":{"line":93,"column":7}},"23":{"start":{"line":95,"column":19},"end":{"line":103,"column":7}},"24":{"start":{"line":109,"column":6},"end":{"line":111,"column":68}},"25":{"start":{"line":118,"column":6},"end":{"line":118,"column":72}},"26":{"start":{"line":126,"column":4},"end":{"line":126,"column":60}},"27":{"start":{"line":131,"column":0},"end":{"line":131,"column":27}}},"fnMap":{"0":{"name":"(anonymous_0)","decl":{"start":{"line":13,"column":14},"end":{"line":13,"column":15}},"loc":{"start":{"line":13,"column":40},"end":{"line":128,"column":1}},"line":13}},"branchMap":{"0":{"loc":{"start":{"line":42,"column":4},"end":{"line":49,"column":5}},"type":"if","locations":[{"start":{"line":42,"column":4},"end":{"line":49,"column":5}},{"start":{},"end":{}}],"line":42},"1":{"loc":{"start":{"line":56,"column":4},"end":{"line":63,"column":5}},"type":"if","locations":[{"start":{"line":56,"column":4},"end":{"line":63,"column":5}},{"start":{},"end":{}}],"line":56},"2":{"loc":{"start":{"line":80,"column":4},"end":{"line":119,"column":5}},"type":"if","locations":[{"start":{"line":80,"column":4},"end":{"line":119,"column":5}},{"start":{"line":112,"column":11},"end":{"line":119,"column":5}}],"line":80}},"s":{"0":1,"1":1,"2":1,"3":1,"4":1,"5":1,"6":1,"7":1,"8":1,"9":1,"10":1,"11":1,"12":1,"13":1,"14":1,"15":0,"16":1,"17":1,"18":1,"19":0,"20":1,"21":1,"22":1,"23":1,"24":1,"25":0,"26":0,"27":1},"f":{"0":1},"b":{"0":[0,1],"1":[0,1],"2":[1,0]},"_coverageSchema":"1a1c01bbd47fc00a2c39e90264f33305004495a9","hash":"bd50ac33c43ff080e9760059257edcb4f31f9da6"}
,"/Users/ashokdhokare/Documents/nodejs/controller/RoleController.js": {"path":"/Users/ashokdhokare/Documents/nodejs/controller/RoleController.js","statementMap":{"0":{"start":{"line":1,"column":0},"end":{"line":1,"column":27}},"1":{"start":{"line":2,"column":13},"end":{"line":2,"column":37}},"2":{"start":{"line":3,"column":17},"end":{"line":3,"column":48}},"3":{"start":{"line":4,"column":18},"end":{"line":4,"column":43}},"4":{"start":{"line":5,"column":23},"end":{"line":5,"column":38}},"5":{"start":{"line":6,"column":12},"end":{"line":6,"column":26}},"6":{"start":{"line":7,"column":20},"end":{"line":7,"column":38}},"7":{"start":{"line":10,"column":17},"end":{"line":94,"column":1}},"8":{"start":{"line":32,"column":0},"end":{"line":93,"column":1}},"9":{"start":{"line":33,"column":18},"end":{"line":33,"column":45}},"10":{"start":{"line":35,"column":13},"end":{"line":35,"column":58}},"11":{"start":{"line":36,"column":16},"end":{"line":36,"column":68}},"12":{"start":{"line":37,"column":15},"end":{"line":37,"column":16}},"13":{"start":{"line":39,"column":2},"end":{"line":41,"column":3}},"14":{"start":{"line":40,"column":4},"end":{"line":40,"column":38}},"15":{"start":{"line":43,"column":14},"end":{"line":51,"column":11}},"16":{"start":{"line":53,"column":19},"end":{"line":60,"column":3}},"17":{"start":{"line":62,"column":2},"end":{"line":80,"column":3}},"18":{"start":{"line":63,"column":4},"end":{"line":70,"column":6}},"19":{"start":{"line":77,"column":4},"end":{"line":79,"column":68}},"20":{"start":{"line":81,"column":2},"end":{"line":83,"column":67}},"21":{"start":{"line":92,"column":4},"end":{"line":92,"column":71}},"22":{"start":{"line":98,"column":20},"end":{"line":130,"column":1}},"23":{"start":{"line":108,"column":2},"end":{"line":129,"column":3}},"24":{"start":{"line":109,"column":17},"end":{"line":109,"column":55}},"25":{"start":{"line":110,"column":4},"end":{"line":121,"column":5}},"26":{"start":{"line":111,"column":6},"end":{"line":111,"column":40}},"27":{"start":{"line":120,"column":6},"end":{"line":120,"column":71}},"28":{"start":{"line":128,"column":4},"end":{"line":128,"column":60}},"29":{"start":{"line":133,"column":19},"end":{"line":204,"column":1}},"30":{"start":{"line":149,"column":17},"end":{"line":163,"column":4}},"31":{"start":{"line":164,"column":25},"end":{"line":164,"column":50}},"32":{"start":{"line":166,"column":2},"end":{"line":170,"column":3}},"33":{"start":{"line":167,"column":4},"end":{"line":169,"column":63}},"34":{"start":{"line":173,"column":14},"end":{"line":175,"column":11}},"35":{"start":{"line":177,"column":2},"end":{"line":187,"column":3}},"36":{"start":{"line":184,"column":4},"end":{"line":186,"column":63}},"37":{"start":{"line":189,"column":2},"end":{"line":203,"column":3}},"38":{"start":{"line":190,"column":15},"end":{"line":193,"column":6}},"39":{"start":{"line":195,"column":4},"end":{"line":195,"column":99}},"40":{"start":{"line":202,"column":4},"end":{"line":202,"column":76}},"41":{"start":{"line":206,"column":19},"end":{"line":257,"column":1}},"42":{"start":{"line":217,"column":2},"end":{"line":221,"column":3}},"43":{"start":{"line":218,"column":4},"end":{"line":220,"column":7}},"44":{"start":{"line":223,"column":17},"end":{"line":237,"column":4}},"45":{"start":{"line":238,"column":25},"end":{"line":238,"column":50}},"46":{"start":{"line":240,"column":2},"end":{"line":244,"column":3}},"47":{"start":{"line":241,"column":4},"end":{"line":243,"column":63}},"48":{"start":{"line":246,"column":2},"end":{"line":256,"column":3}},"49":{"start":{"line":247,"column":16},"end":{"line":250,"column":5}},"50":{"start":{"line":251,"column":4},"end":{"line":253,"column":68}},"51":{"start":{"line":255,"column":4},"end":{"line":255,"column":76}},"52":{"start":{"line":260,"column":19},"end":{"line":279,"column":1}},"53":{"start":{"line":270,"column":2},"end":{"line":278,"column":3}},"54":{"start":{"line":272,"column":16},"end":{"line":272,"column":66}},"55":{"start":{"line":273,"column":4},"end":{"line":275,"column":68}},"56":{"start":{"line":277,"column":4},"end":{"line":277,"column":76}},"57":{"start":{"line":283,"column":23},"end":{"line":340,"column":1}},"58":{"start":{"line":293,"column":2},"end":{"line":297,"column":3}},"59":{"start":{"line":294,"column":4},"end":{"line":296,"column":7}},"60":{"start":{"line":299,"column":17},"end":{"line":314,"column":4}},"61":{"start":{"line":315,"column":25},"end":{"line":315,"column":50}},"62":{"start":{"line":317,"column":2},"end":{"line":321,"column":3}},"63":{"start":{"line":318,"column":4},"end":{"line":320,"column":63}},"64":{"start":{"line":323,"column":2},"end":{"line":339,"column":3}},"65":{"start":{"line":324,"column":4},"end":{"line":324,"column":34}},"66":{"start":{"line":325,"column":16},"end":{"line":328,"column":5}},"67":{"start":{"line":329,"column":4},"end":{"line":331,"column":66}},"68":{"start":{"line":338,"column":4},"end":{"line":338,"column":76}},"69":{"start":{"line":342,"column":0},"end":{"line":349,"column":2}}},"fnMap":{"0":{"name":"(anonymous_0)","decl":{"start":{"line":10,"column":17},"end":{"line":10,"column":18}},"loc":{"start":{"line":10,"column":43},"end":{"line":94,"column":1}},"line":10},"1":{"name":"(anonymous_1)","decl":{"start":{"line":98,"column":20},"end":{"line":98,"column":21}},"loc":{"start":{"line":98,"column":46},"end":{"line":130,"column":1}},"line":98},"2":{"name":"(anonymous_2)","decl":{"start":{"line":133,"column":19},"end":{"line":133,"column":20}},"loc":{"start":{"line":133,"column":45},"end":{"line":204,"column":1}},"line":133},"3":{"name":"(anonymous_3)","decl":{"start":{"line":206,"column":19},"end":{"line":206,"column":20}},"loc":{"start":{"line":206,"column":45},"end":{"line":257,"column":1}},"line":206},"4":{"name":"(anonymous_4)","decl":{"start":{"line":260,"column":19},"end":{"line":260,"column":20}},"loc":{"start":{"line":260,"column":45},"end":{"line":279,"column":1}},"line":260},"5":{"name":"(anonymous_5)","decl":{"start":{"line":283,"column":23},"end":{"line":283,"column":24}},"loc":{"start":{"line":283,"column":49},"end":{"line":340,"column":1}},"line":283}},"branchMap":{"0":{"loc":{"start":{"line":35,"column":13},"end":{"line":35,"column":58}},"type":"cond-expr","locations":[{"start":{"line":35,"column":30},"end":{"line":35,"column":54}},{"start":{"line":35,"column":57},"end":{"line":35,"column":58}}],"line":35},"1":{"loc":{"start":{"line":36,"column":16},"end":{"line":36,"column":68}},"type":"cond-expr","locations":[{"start":{"line":36,"column":36},"end":{"line":36,"column":63}},{"start":{"line":36,"column":66},"end":{"line":36,"column":68}}],"line":36},"2":{"loc":{"start":{"line":39,"column":2},"end":{"line":41,"column":3}},"type":"if","locations":[{"start":{"line":39,"column":2},"end":{"line":41,"column":3}},{"start":{},"end":{}}],"line":39},"3":{"loc":{"start":{"line":62,"column":2},"end":{"line":80,"column":3}},"type":"if","locations":[{"start":{"line":62,"column":2},"end":{"line":80,"column":3}},{"start":{},"end":{}}],"line":62},"4":{"loc":{"start":{"line":69,"column":17},"end":{"line":69,"column":72}},"type":"cond-expr","locations":[{"start":{"line":69,"column":46},"end":{"line":69,"column":55}},{"start":{"line":69,"column":58},"end":{"line":69,"column":72}}],"line":69},"5":{"loc":{"start":{"line":110,"column":4},"end":{"line":121,"column":5}},"type":"if","locations":[{"start":{"line":110,"column":4},"end":{"line":121,"column":5}},{"start":{"line":112,"column":11},"end":{"line":121,"column":5}}],"line":110},"6":{"loc":{"start":{"line":166,"column":2},"end":{"line":170,"column":3}},"type":"if","locations":[{"start":{"line":166,"column":2},"end":{"line":170,"column":3}},{"start":{},"end":{}}],"line":166},"7":{"loc":{"start":{"line":177,"column":2},"end":{"line":187,"column":3}},"type":"if","locations":[{"start":{"line":177,"column":2},"end":{"line":187,"column":3}},{"start":{},"end":{}}],"line":177},"8":{"loc":{"start":{"line":217,"column":2},"end":{"line":221,"column":3}},"type":"if","locations":[{"start":{"line":217,"column":2},"end":{"line":221,"column":3}},{"start":{},"end":{}}],"line":217},"9":{"loc":{"start":{"line":240,"column":2},"end":{"line":244,"column":3}},"type":"if","locations":[{"start":{"line":240,"column":2},"end":{"line":244,"column":3}},{"start":{},"end":{}}],"line":240},"10":{"loc":{"start":{"line":293,"column":2},"end":{"line":297,"column":3}},"type":"if","locations":[{"start":{"line":293,"column":2},"end":{"line":297,"column":3}},{"start":{},"end":{}}],"line":293},"11":{"loc":{"start":{"line":317,"column":2},"end":{"line":321,"column":3}},"type":"if","locations":[{"start":{"line":317,"column":2},"end":{"line":321,"column":3}},{"start":{},"end":{}}],"line":317}},"s":{"0":1,"1":1,"2":1,"3":1,"4":1,"5":1,"6":1,"7":1,"8":1,"9":1,"10":1,"11":1,"12":1,"13":1,"14":0,"15":1,"16":1,"17":1,"18":1,"19":1,"20":0,"21":0,"22":1,"23":1,"24":1,"25":1,"26":1,"27":0,"28":0,"29":1,"30":1,"31":1,"32":1,"33":0,"34":1,"35":1,"36":1,"37":0,"38":0,"39":0,"40":0,"41":1,"42":1,"43":0,"44":1,"45":1,"46":1,"47":0,"48":1,"49":1,"50":1,"51":0,"52":1,"53":1,"54":1,"55":1,"56":0,"57":1,"58":0,"59":0,"60":0,"61":0,"62":0,"63":0,"64":0,"65":0,"66":0,"67":0,"68":0,"69":1},"f":{"0":1,"1":1,"2":1,"3":1,"4":1,"5":0},"b":{"0":[0,1],"1":[0,1],"2":[0,1],"3":[1,0],"4":[0,1],"5":[1,0],"6":[0,1],"7":[1,0],"8":[0,1],"9":[0,1],"10":[0,0],"11":[0,0]},"_coverageSchema":"1a1c01bbd47fc00a2c39e90264f33305004495a9","hash":"e33a1dd4d952d1370ecce556203993b3711ffaa8"}
,"/Users/ashokdhokare/Documents/nodejs/controller/UserController.js": {"path":"/Users/ashokdhokare/Documents/nodejs/controller/UserController.js","statementMap":{"0":{"start":{"line":1,"column":0},"end":{"line":1,"column":27}},"1":{"start":{"line":2,"column":13},"end":{"line":2,"column":37}},"2":{"start":{"line":3,"column":17},"end":{"line":3,"column":48}},"3":{"start":{"line":4,"column":18},"end":{"line":4,"column":43}},"4":{"start":{"line":5,"column":23},"end":{"line":5,"column":38}},"5":{"start":{"line":6,"column":12},"end":{"line":6,"column":26}},"6":{"start":{"line":7,"column":20},"end":{"line":7,"column":38}},"7":{"start":{"line":8,"column":13},"end":{"line":8,"column":37}},"8":{"start":{"line":13,"column":17},"end":{"line":96,"column":1}},"9":{"start":{"line":35,"column":0},"end":{"line":95,"column":1}},"10":{"start":{"line":36,"column":18},"end":{"line":36,"column":45}},"11":{"start":{"line":37,"column":13},"end":{"line":37,"column":58}},"12":{"start":{"line":38,"column":16},"end":{"line":38,"column":68}},"13":{"start":{"line":39,"column":15},"end":{"line":39,"column":16}},"14":{"start":{"line":41,"column":2},"end":{"line":43,"column":3}},"15":{"start":{"line":42,"column":4},"end":{"line":42,"column":38}},"16":{"start":{"line":45,"column":14},"end":{"line":53,"column":11}},"17":{"start":{"line":55,"column":19},"end":{"line":62,"column":3}},"18":{"start":{"line":64,"column":2},"end":{"line":82,"column":3}},"19":{"start":{"line":65,"column":4},"end":{"line":72,"column":6}},"20":{"start":{"line":79,"column":4},"end":{"line":81,"column":68}},"21":{"start":{"line":83,"column":2},"end":{"line":85,"column":67}},"22":{"start":{"line":94,"column":4},"end":{"line":94,"column":71}},"23":{"start":{"line":99,"column":0},"end":{"line":99,"column":28}}},"fnMap":{"0":{"name":"(anonymous_0)","decl":{"start":{"line":13,"column":17},"end":{"line":13,"column":18}},"loc":{"start":{"line":13,"column":43},"end":{"line":96,"column":1}},"line":13}},"branchMap":{"0":{"loc":{"start":{"line":37,"column":13},"end":{"line":37,"column":58}},"type":"cond-expr","locations":[{"start":{"line":37,"column":30},"end":{"line":37,"column":54}},{"start":{"line":37,"column":57},"end":{"line":37,"column":58}}],"line":37},"1":{"loc":{"start":{"line":38,"column":16},"end":{"line":38,"column":68}},"type":"cond-expr","locations":[{"start":{"line":38,"column":36},"end":{"line":38,"column":63}},{"start":{"line":38,"column":66},"end":{"line":38,"column":68}}],"line":38},"2":{"loc":{"start":{"line":41,"column":2},"end":{"line":43,"column":3}},"type":"if","locations":[{"start":{"line":41,"column":2},"end":{"line":43,"column":3}},{"start":{},"end":{}}],"line":41},"3":{"loc":{"start":{"line":64,"column":2},"end":{"line":82,"column":3}},"type":"if","locations":[{"start":{"line":64,"column":2},"end":{"line":82,"column":3}},{"start":{},"end":{}}],"line":64},"4":{"loc":{"start":{"line":71,"column":17},"end":{"line":71,"column":72}},"type":"cond-expr","locations":[{"start":{"line":71,"column":46},"end":{"line":71,"column":55}},{"start":{"line":71,"column":58},"end":{"line":71,"column":72}}],"line":71}},"s":{"0":1,"1":1,"2":1,"3":1,"4":1,"5":1,"6":1,"7":1,"8":1,"9":0,"10":0,"11":0,"12":0,"13":0,"14":0,"15":0,"16":0,"17":0,"18":0,"19":0,"20":0,"21":0,"22":0,"23":1},"f":{"0":0},"b":{"0":[0,0],"1":[0,0],"2":[0,0],"3":[0,0],"4":[0,0]},"_coverageSchema":"1a1c01bbd47fc00a2c39e90264f33305004495a9","hash":"3b6a558e654d82f660e5988c5e99929f8836c04d"}
,"/Users/ashokdhokare/Documents/nodejs/email/email.js": {"path":"/Users/ashokdhokare/Documents/nodejs/email/email.js","statementMap":{"0":{"start":{"line":1,"column":18},"end":{"line":1,"column":39}},"1":{"start":{"line":4,"column":18},"end":{"line":37,"column":1}},"2":{"start":{"line":5,"column":22},"end":{"line":13,"column":10}},"3":{"start":{"line":16,"column":18},"end":{"line":22,"column":5}},"4":{"start":{"line":24,"column":4},"end":{"line":33,"column":7}},"5":{"start":{"line":25,"column":8},"end":{"line":28,"column":9}},"6":{"start":{"line":26,"column":12},"end":{"line":26,"column":58}},"7":{"start":{"line":27,"column":12},"end":{"line":27,"column":35}},"8":{"start":{"line":30,"column":8},"end":{"line":30,"column":56}},"9":{"start":{"line":32,"column":8},"end":{"line":32,"column":75}},"10":{"start":{"line":39,"column":0},"end":{"line":39,"column":29}}},"fnMap":{"0":{"name":"(anonymous_0)","decl":{"start":{"line":4,"column":18},"end":{"line":4,"column":19}},"loc":{"start":{"line":4,"column":44},"end":{"line":37,"column":1}},"line":4},"1":{"name":"(anonymous_1)","decl":{"start":{"line":24,"column":34},"end":{"line":24,"column":35}},"loc":{"start":{"line":24,"column":49},"end":{"line":33,"column":5}},"line":24}},"branchMap":{"0":{"loc":{"start":{"line":25,"column":8},"end":{"line":28,"column":9}},"type":"if","locations":[{"start":{"line":25,"column":8},"end":{"line":28,"column":9}},{"start":{},"end":{}}],"line":25}},"s":{"0":1,"1":1,"2":0,"3":0,"4":0,"5":0,"6":0,"7":0,"8":0,"9":0,"10":1},"f":{"0":0,"1":0},"b":{"0":[0,0]},"_coverageSchema":"1a1c01bbd47fc00a2c39e90264f33305004495a9","hash":"c1d1b15edf58a823ac3b32f10b305142b45d7dee"}
,"/Users/ashokdhokare/Documents/nodejs/middleware/auth.js": {"path":"/Users/ashokdhokare/Documents/nodejs/middleware/auth.js","statementMap":{"0":{"start":{"line":1,"column":0},"end":{"line":1,"column":27}},"1":{"start":{"line":2,"column":12},"end":{"line":2,"column":35}},"2":{"start":{"line":4,"column":15},"end":{"line":4,"column":26}},"3":{"start":{"line":6,"column":0},"end":{"line":23,"column":1}},"4":{"start":{"line":7,"column":0},"end":{"line":22,"column":1}},"5":{"start":{"line":9,"column":8},"end":{"line":12,"column":9}},"6":{"start":{"line":11,"column":12},"end":{"line":11,"column":100}},"7":{"start":{"line":13,"column":4},"end":{"line":21,"column":5}},"8":{"start":{"line":14,"column":22},"end":{"line":14,"column":61}},"9":{"start":{"line":15,"column":21},"end":{"line":15,"column":56}},"10":{"start":{"line":16,"column":8},"end":{"line":16,"column":14}},"11":{"start":{"line":19,"column":8},"end":{"line":19,"column":83}}},"fnMap":{"0":{"name":"(anonymous_0)","decl":{"start":{"line":6,"column":17},"end":{"line":6,"column":18}},"loc":{"start":{"line":6,"column":23},"end":{"line":23,"column":1}},"line":6},"1":{"name":"(anonymous_1)","decl":{"start":{"line":7,"column":7},"end":{"line":7,"column":8}},"loc":{"start":{"line":7,"column":30},"end":{"line":22,"column":1}},"line":7}},"branchMap":{"0":{"loc":{"start":{"line":9,"column":8},"end":{"line":12,"column":9}},"type":"if","locations":[{"start":{"line":9,"column":8},"end":{"line":12,"column":9}},{"start":{},"end":{}}],"line":9},"1":{"loc":{"start":{"line":9,"column":12},"end":{"line":9,"column":87}},"type":"binary-expr","locations":[{"start":{"line":9,"column":12},"end":{"line":9,"column":50}},{"start":{"line":9,"column":54},"end":{"line":9,"column":87}}],"line":9}},"s":{"0":1,"1":1,"2":1,"3":1,"4":8,"5":5,"6":0,"7":5,"8":5,"9":5,"10":5,"11":0},"f":{"0":8,"1":5},"b":{"0":[0,5],"1":[5,5]},"_coverageSchema":"1a1c01bbd47fc00a2c39e90264f33305004495a9","hash":"8bd957f63e370bbfa077205bcdfa6245099806c1"}
,"/Users/ashokdhokare/Documents/nodejs/model/role.js": {"path":"/Users/ashokdhokare/Documents/nodejs/model/role.js","statementMap":{"0":{"start":{"line":1,"column":17},"end":{"line":1,"column":36}},"1":{"start":{"line":3,"column":19},"end":{"line":13,"column":2}},"2":{"start":{"line":16,"column":13},"end":{"line":16,"column":46}},"3":{"start":{"line":17,"column":0},"end":{"line":17,"column":22}}},"fnMap":{},"branchMap":{},"s":{"0":1,"1":1,"2":1,"3":1},"f":{},"b":{},"_coverageSchema":"1a1c01bbd47fc00a2c39e90264f33305004495a9","hash":"7f09316d76d9cc288565975dd5829985d9bbcc8e"}
,"/Users/ashokdhokare/Documents/nodejs/model/user.js": {"path":"/Users/ashokdhokare/Documents/nodejs/model/user.js","statementMap":{"0":{"start":{"line":1,"column":17},"end":{"line":1,"column":36}},"1":{"start":{"line":3,"column":19},"end":{"line":41,"column":21}},"2":{"start":{"line":43,"column":13},"end":{"line":43,"column":46}},"3":{"start":{"line":44,"column":0},"end":{"line":44,"column":22}}},"fnMap":{},"branchMap":{},"s":{"0":1,"1":1,"2":1,"3":1},"f":{},"b":{},"_coverageSchema":"1a1c01bbd47fc00a2c39e90264f33305004495a9","hash":"66f3d283590b509b554f0e4e5ad8310fc00ab9e4"}
,"/Users/ashokdhokare/Documents/nodejs/routes/email.js": {"path":"/Users/ashokdhokare/Documents/nodejs/routes/email.js","statementMap":{"0":{"start":{"line":1,"column":16},"end":{"line":1,"column":34}},"1":{"start":{"line":2,"column":15},"end":{"line":2,"column":31}},"2":{"start":{"line":3,"column":22},"end":{"line":3,"column":57}},"3":{"start":{"line":4,"column":13},"end":{"line":4,"column":42}},"4":{"start":{"line":7,"column":0},"end":{"line":7,"column":67}},"5":{"start":{"line":8,"column":0},"end":{"line":8,"column":24}}},"fnMap":{},"branchMap":{},"s":{"0":1,"1":1,"2":1,"3":1,"4":1,"5":1},"f":{},"b":{},"_coverageSchema":"1a1c01bbd47fc00a2c39e90264f33305004495a9","hash":"1b10d8d75818815e42789298dce07e24066184a1"}
,"/Users/ashokdhokare/Documents/nodejs/routes/login.js": {"path":"/Users/ashokdhokare/Documents/nodejs/routes/login.js","statementMap":{"0":{"start":{"line":1,"column":16},"end":{"line":1,"column":34}},"1":{"start":{"line":2,"column":15},"end":{"line":2,"column":31}},"2":{"start":{"line":3,"column":24},"end":{"line":3,"column":64}},"3":{"start":{"line":6,"column":0},"end":{"line":6,"column":51}},"4":{"start":{"line":9,"column":0},"end":{"line":9,"column":24}}},"fnMap":{},"branchMap":{},"s":{"0":1,"1":1,"2":1,"3":1,"4":1},"f":{},"b":{},"_coverageSchema":"1a1c01bbd47fc00a2c39e90264f33305004495a9","hash":"b68e8cd1f326061e2e1ba4c2e99095760992bfc6"}
,"/Users/ashokdhokare/Documents/nodejs/routes/role.js": {"path":"/Users/ashokdhokare/Documents/nodejs/routes/role.js","statementMap":{"0":{"start":{"line":1,"column":16},"end":{"line":1,"column":34}},"1":{"start":{"line":2,"column":15},"end":{"line":2,"column":31}},"2":{"start":{"line":3,"column":23},"end":{"line":3,"column":62}},"3":{"start":{"line":4,"column":13},"end":{"line":4,"column":42}},"4":{"start":{"line":6,"column":0},"end":{"line":6,"column":62}},"5":{"start":{"line":7,"column":0},"end":{"line":7,"column":73}},"6":{"start":{"line":8,"column":0},"end":{"line":8,"column":67}},"7":{"start":{"line":9,"column":0},"end":{"line":9,"column":70}},"8":{"start":{"line":10,"column":0},"end":{"line":10,"column":70}},"9":{"start":{"line":11,"column":0},"end":{"line":11,"column":76}},"10":{"start":{"line":14,"column":0},"end":{"line":14,"column":24}}},"fnMap":{},"branchMap":{},"s":{"0":1,"1":1,"2":1,"3":1,"4":1,"5":1,"6":1,"7":1,"8":1,"9":1,"10":1},"f":{},"b":{},"_coverageSchema":"1a1c01bbd47fc00a2c39e90264f33305004495a9","hash":"b81fbf6fc7f8ad74aaf45f87ef82998cc8ed7667"}
,"/Users/ashokdhokare/Documents/nodejs/routes/services.js": {"path":"/Users/ashokdhokare/Documents/nodejs/routes/services.js","statementMap":{"0":{"start":{"line":1,"column":16},"end":{"line":1,"column":34}},"1":{"start":{"line":2,"column":17},"end":{"line":2,"column":48}},"2":{"start":{"line":4,"column":15},"end":{"line":4,"column":31}},"3":{"start":{"line":6,"column":0},"end":{"line":6,"column":51}},"4":{"start":{"line":8,"column":0},"end":{"line":8,"column":24}}},"fnMap":{},"branchMap":{},"s":{"0":1,"1":1,"2":1,"3":1,"4":1},"f":{},"b":{},"_coverageSchema":"1a1c01bbd47fc00a2c39e90264f33305004495a9","hash":"b45c54796941922932403606efc30c26fdc600ea"}
,"/Users/ashokdhokare/Documents/nodejs/routes/user.js": {"path":"/Users/ashokdhokare/Documents/nodejs/routes/user.js","statementMap":{"0":{"start":{"line":1,"column":16},"end":{"line":1,"column":34}},"1":{"start":{"line":2,"column":15},"end":{"line":2,"column":31}},"2":{"start":{"line":3,"column":23},"end":{"line":3,"column":62}},"3":{"start":{"line":4,"column":13},"end":{"line":4,"column":42}},"4":{"start":{"line":6,"column":0},"end":{"line":6,"column":62}},"5":{"start":{"line":14,"column":0},"end":{"line":14,"column":24}}},"fnMap":{},"branchMap":{},"s":{"0":1,"1":1,"2":1,"3":1,"4":1,"5":1},"f":{},"b":{},"_coverageSchema":"1a1c01bbd47fc00a2c39e90264f33305004495a9","hash":"7c7e84ac2c088b510935623706b0900c7ee3d711"}
,"/Users/ashokdhokare/Documents/nodejs/seeders/roleSeeder.js": {"path":"/Users/ashokdhokare/Documents/nodejs/seeders/roleSeeder.js","statementMap":{"0":{"start":{"line":2,"column":17},"end":{"line":11,"column":1}},"1":{"start":{"line":12,"column":0},"end":{"line":12,"column":27}}},"fnMap":{},"branchMap":{},"s":{"0":1,"1":1},"f":{},"b":{},"_coverageSchema":"1a1c01bbd47fc00a2c39e90264f33305004495a9","hash":"8be5c0aca0f3ecb248f8872f6625c0e1f0c4c5b7"}
,"/Users/ashokdhokare/Documents/nodejs/seeders/userSeeder.js": {"path":"/Users/ashokdhokare/Documents/nodejs/seeders/userSeeder.js","statementMap":{"0":{"start":{"line":1,"column":16},"end":{"line":10,"column":1}},"1":{"start":{"line":11,"column":0},"end":{"line":11,"column":26}}},"fnMap":{},"branchMap":{},"s":{"0":1,"1":1},"f":{},"b":{},"_coverageSchema":"1a1c01bbd47fc00a2c39e90264f33305004495a9","hash":"f5d2ef6474b0c7496775a10a946358b44d75762c"}
,"/Users/ashokdhokare/Documents/nodejs/services/services.js": {"path":"/Users/ashokdhokare/Documents/nodejs/services/services.js","statementMap":{"0":{"start":{"line":1,"column":14},"end":{"line":1,"column":30}},"1":{"start":{"line":3,"column":16},"end":{"line":17,"column":1}},"2":{"start":{"line":5,"column":5},"end":{"line":15,"column":7}},"3":{"start":{"line":7,"column":8},"end":{"line":7,"column":45}},"4":{"start":{"line":8,"column":8},"end":{"line":8,"column":48}},"5":{"start":{"line":10,"column":8},"end":{"line":10,"column":27}},"6":{"start":{"line":11,"column":8},"end":{"line":11,"column":61}},"7":{"start":{"line":18,"column":0},"end":{"line":18,"column":26}}},"fnMap":{"0":{"name":"(anonymous_0)","decl":{"start":{"line":3,"column":16},"end":{"line":3,"column":17}},"loc":{"start":{"line":3,"column":40},"end":{"line":17,"column":1}},"line":3},"1":{"name":"(anonymous_1)","decl":{"start":{"line":5,"column":59},"end":{"line":5,"column":60}},"loc":{"start":{"line":5,"column":70},"end":{"line":9,"column":6}},"line":5},"2":{"name":"(anonymous_2)","decl":{"start":{"line":9,"column":14},"end":{"line":9,"column":15}},"loc":{"start":{"line":9,"column":23},"end":{"line":15,"column":6}},"line":9}},"branchMap":{},"s":{"0":1,"1":1,"2":0,"3":0,"4":0,"5":0,"6":0,"7":1},"f":{"0":0,"1":0,"2":0},"b":{},"_coverageSchema":"1a1c01bbd47fc00a2c39e90264f33305004495a9","hash":"d5dd95ba9c154981e509979ae6c8117fe330eb9b"}
,"/Users/ashokdhokare/Documents/nodejs/test/integration/calculator.js": {"path":"/Users/ashokdhokare/Documents/nodejs/test/integration/calculator.js","statementMap":{"0":{"start":{"line":1,"column":23},"end":{"line":15,"column":5}},"1":{"start":{"line":3,"column":4},"end":{"line":3,"column":17}},"2":{"start":{"line":7,"column":4},"end":{"line":7,"column":17}},"3":{"start":{"line":10,"column":4},"end":{"line":10,"column":17}},"4":{"start":{"line":13,"column":4},"end":{"line":13,"column":17}},"5":{"start":{"line":16,"column":4},"end":{"line":16,"column":35}}},"fnMap":{"0":{"name":"(anonymous_0)","decl":{"start":{"line":2,"column":9},"end":{"line":2,"column":10}},"loc":{"start":{"line":2,"column":23},"end":{"line":4,"column":5}},"line":2},"1":{"name":"(anonymous_1)","decl":{"start":{"line":6,"column":10},"end":{"line":6,"column":11}},"loc":{"start":{"line":6,"column":24},"end":{"line":8,"column":5}},"line":6},"2":{"name":"(anonymous_2)","decl":{"start":{"line":9,"column":13},"end":{"line":9,"column":14}},"loc":{"start":{"line":9,"column":27},"end":{"line":11,"column":5}},"line":9},"3":{"name":"(anonymous_3)","decl":{"start":{"line":12,"column":12},"end":{"line":12,"column":13}},"loc":{"start":{"line":12,"column":26},"end":{"line":14,"column":5}},"line":12}},"branchMap":{},"s":{"0":1,"1":1,"2":1,"3":1,"4":1,"5":1},"f":{"0":1,"1":1,"2":1,"3":1},"b":{},"_coverageSchema":"1a1c01bbd47fc00a2c39e90264f33305004495a9","hash":"5ae61109d781c311c1f9f42f49e28c47a486bff3"}
,"/Users/ashokdhokare/Documents/nodejs/test/integration/inputdata.js": {"path":"/Users/ashokdhokare/Documents/nodejs/test/integration/inputdata.js","statementMap":{"0":{"start":{"line":3,"column":20},"end":{"line":6,"column":3}},"1":{"start":{"line":9,"column":11},"end":{"line":9,"column":49}},"2":{"start":{"line":12,"column":20},"end":{"line":14,"column":1}},"3":{"start":{"line":16,"column":19},"end":{"line":18,"column":1}},"4":{"start":{"line":19,"column":17},"end":{"line":19,"column":20}},"5":{"start":{"line":20,"column":0},"end":{"line":20,"column":66}}},"fnMap":{},"branchMap":{},"s":{"0":1,"1":1,"2":1,"3":1,"4":1,"5":1},"f":{},"b":{},"_coverageSchema":"1a1c01bbd47fc00a2c39e90264f33305004495a9","hash":"5eea6476a62a2d7d8bb9765b2b65f1b7b3235dc0"}
}
