TN:
SF:index.js
FN:106,(anonymous_0)
FN:111,(anonymous_1)
FN:123,(anonymous_2)
FNF:3
FNH:0
FNDA:0,(anonymous_0)
FNDA:0,(anonymous_1)
FNDA:0,(anonymous_2)
DA:1,1
DA:2,1
DA:3,1
DA:4,1
DA:7,1
DA:8,1
DA:9,1
DA:10,1
DA:12,1
DA:13,1
DA:16,1
DA:18,1
DA:19,1
DA:21,1
DA:22,1
DA:24,1
DA:27,1
DA:30,1
DA:31,1
DA:35,1
DA:36,1
DA:37,1
DA:70,1
DA:71,1
DA:72,1
DA:73,1
DA:74,1
DA:75,1
DA:76,1
DA:77,1
DA:78,1
DA:79,1
DA:87,1
DA:89,1
DA:97,1
DA:106,1
DA:107,0
DA:111,1
DA:112,0
DA:115,1
DA:122,1
DA:123,0
DA:127,1
LF:43
LH:40
BRDA:122,0,0,0
BRDA:122,0,1,1
BRF:2
BRH:1
end_of_record
TN:
SF:Cronjob/sendEmailCron.js
FN:8,(anonymous_0)
FN:11,(anonymous_1)
FN:38,(anonymous_2)
FNF:3
FNH:0
FNDA:0,(anonymous_0)
FNDA:0,(anonymous_1)
FNDA:0,(anonymous_2)
DA:1,1
DA:2,1
DA:4,1
DA:8,1
DA:9,0
DA:10,0
DA:11,0
DA:12,0
DA:14,0
DA:17,0
DA:27,0
DA:30,0
DA:38,0
DA:39,0
DA:40,0
DA:41,0
DA:44,0
DA:46,0
DA:48,0
DA:50,0
DA:55,0
DA:62,1
LF:22
LH:5
BRDA:39,0,0,0
BRDA:39,0,1,0
BRF:2
BRH:0
end_of_record
TN:
SF:Database/database.js
FN:11,(anonymous_0)
FN:13,(anonymous_1)
FNF:2
FNH:1
FNDA:1,(anonymous_0)
FNDA:0,(anonymous_1)
DA:1,1
DA:2,1
DA:3,1
DA:5,1
DA:8,1
DA:15,0
LF:6
LH:5
BRF:0
BRH:0
end_of_record
TN:
SF:controller/LoginController.js
FN:13,(anonymous_0)
FNF:1
FNH:1
FNDA:1,(anonymous_0)
DA:1,1
DA:2,1
DA:3,1
DA:5,1
DA:6,1
DA:7,1
DA:8,1
DA:9,1
DA:10,1
DA:11,1
DA:13,1
DA:27,1
DA:28,1
DA:40,1
DA:42,1
DA:48,0
DA:51,1
DA:54,1
DA:56,1
DA:62,0
DA:79,1
DA:80,1
DA:82,1
DA:95,1
DA:109,1
DA:118,0
DA:126,0
DA:131,1
LF:28
LH:24
BRDA:42,0,0,0
BRDA:42,0,1,1
BRDA:56,1,0,0
BRDA:56,1,1,1
BRDA:80,2,0,1
BRDA:80,2,1,0
BRF:6
BRH:3
end_of_record
TN:
SF:controller/RoleController.js
FN:10,(anonymous_0)
FN:98,(anonymous_1)
FN:133,(anonymous_2)
FN:206,(anonymous_3)
FN:260,(anonymous_4)
FN:283,(anonymous_5)
FNF:6
FNH:5
FNDA:1,(anonymous_0)
FNDA:1,(anonymous_1)
FNDA:1,(anonymous_2)
FNDA:1,(anonymous_3)
FNDA:1,(anonymous_4)
FNDA:0,(anonymous_5)
DA:1,1
DA:2,1
DA:3,1
DA:4,1
DA:5,1
DA:6,1
DA:7,1
DA:10,1
DA:32,1
DA:33,1
DA:35,1
DA:36,1
DA:37,1
DA:39,1
DA:40,0
DA:43,1
DA:53,1
DA:62,1
DA:63,1
DA:77,1
DA:81,0
DA:92,0
DA:98,1
DA:108,1
DA:109,1
DA:110,1
DA:111,1
DA:120,0
DA:128,0
DA:133,1
DA:149,1
DA:164,1
DA:166,1
DA:167,0
DA:173,1
DA:177,1
DA:184,1
DA:189,0
DA:190,0
DA:195,0
DA:202,0
DA:206,1
DA:217,1
DA:218,0
DA:223,1
DA:238,1
DA:240,1
DA:241,0
DA:246,1
DA:247,1
DA:251,1
DA:255,0
DA:260,1
DA:270,1
DA:272,1
DA:273,1
DA:277,0
DA:283,1
DA:293,0
DA:294,0
DA:299,0
DA:315,0
DA:317,0
DA:318,0
DA:323,0
DA:324,0
DA:325,0
DA:329,0
DA:338,0
DA:342,1
LF:70
LH:45
BRDA:35,0,0,0
BRDA:35,0,1,1
BRDA:36,1,0,0
BRDA:36,1,1,1
BRDA:39,2,0,0
BRDA:39,2,1,1
BRDA:62,3,0,1
BRDA:62,3,1,0
BRDA:69,4,0,0
BRDA:69,4,1,1
BRDA:110,5,0,1
BRDA:110,5,1,0
BRDA:166,6,0,0
BRDA:166,6,1,1
BRDA:177,7,0,1
BRDA:177,7,1,0
BRDA:217,8,0,0
BRDA:217,8,1,1
BRDA:240,9,0,0
BRDA:240,9,1,1
BRDA:293,10,0,0
BRDA:293,10,1,0
BRDA:317,11,0,0
BRDA:317,11,1,0
BRF:24
BRH:10
end_of_record
TN:
SF:controller/UserController.js
FN:13,(anonymous_0)
FNF:1
FNH:0
FNDA:0,(anonymous_0)
DA:1,1
DA:2,1
DA:3,1
DA:4,1
DA:5,1
DA:6,1
DA:7,1
DA:8,1
DA:13,1
DA:35,0
DA:36,0
DA:37,0
DA:38,0
DA:39,0
DA:41,0
DA:42,0
DA:45,0
DA:55,0
DA:64,0
DA:65,0
DA:79,0
DA:83,0
DA:94,0
DA:99,1
LF:24
LH:10
BRDA:37,0,0,0
BRDA:37,0,1,0
BRDA:38,1,0,0
BRDA:38,1,1,0
BRDA:41,2,0,0
BRDA:41,2,1,0
BRDA:64,3,0,0
BRDA:64,3,1,0
BRDA:71,4,0,0
BRDA:71,4,1,0
BRF:10
BRH:0
end_of_record
TN:
SF:email/email.js
FN:4,(anonymous_0)
FN:24,(anonymous_1)
FNF:2
FNH:0
FNDA:0,(anonymous_0)
FNDA:0,(anonymous_1)
DA:1,1
DA:4,1
DA:5,0
DA:16,0
DA:24,0
DA:25,0
DA:26,0
DA:27,0
DA:30,0
DA:32,0
DA:39,1
LF:11
LH:3
BRDA:25,0,0,0
BRDA:25,0,1,0
BRF:2
BRH:0
end_of_record
TN:
SF:middleware/auth.js
FN:6,(anonymous_0)
FN:7,(anonymous_1)
FNF:2
FNH:2
FNDA:8,(anonymous_0)
FNDA:5,(anonymous_1)
DA:1,1
DA:2,1
DA:4,1
DA:6,1
DA:7,8
DA:9,5
DA:11,0
DA:13,5
DA:14,5
DA:15,5
DA:16,5
DA:19,0
LF:12
LH:10
BRDA:9,0,0,0
BRDA:9,0,1,5
BRDA:9,1,0,5
BRDA:9,1,1,5
BRF:4
BRH:3
end_of_record
TN:
SF:model/role.js
FNF:0
FNH:0
DA:1,1
DA:3,1
DA:16,1
DA:17,1
LF:4
LH:4
BRF:0
BRH:0
end_of_record
TN:
SF:model/user.js
FNF:0
FNH:0
DA:1,1
DA:3,1
DA:43,1
DA:44,1
LF:4
LH:4
BRF:0
BRH:0
end_of_record
TN:
SF:routes/email.js
FNF:0
FNH:0
DA:1,1
DA:2,1
DA:3,1
DA:4,1
DA:7,1
DA:8,1
LF:6
LH:6
BRF:0
BRH:0
end_of_record
TN:
SF:routes/login.js
FNF:0
FNH:0
DA:1,1
DA:2,1
DA:3,1
DA:6,1
DA:9,1
LF:5
LH:5
BRF:0
BRH:0
end_of_record
TN:
SF:routes/role.js
FNF:0
FNH:0
DA:1,1
DA:2,1
DA:3,1
DA:4,1
DA:6,1
DA:7,1
DA:8,1
DA:9,1
DA:10,1
DA:11,1
DA:14,1
LF:11
LH:11
BRF:0
BRH:0
end_of_record
TN:
SF:routes/services.js
FNF:0
FNH:0
DA:1,1
DA:2,1
DA:4,1
DA:6,1
DA:8,1
LF:5
LH:5
BRF:0
BRH:0
end_of_record
TN:
SF:routes/user.js
FNF:0
FNH:0
DA:1,1
DA:2,1
DA:3,1
DA:4,1
DA:6,1
DA:14,1
LF:6
LH:6
BRF:0
BRH:0
end_of_record
TN:
SF:seeders/roleSeeder.js
FNF:0
FNH:0
DA:2,1
DA:12,1
LF:2
LH:2
BRF:0
BRH:0
end_of_record
TN:
SF:seeders/userSeeder.js
FNF:0
FNH:0
DA:1,1
DA:11,1
LF:2
LH:2
BRF:0
BRH:0
end_of_record
TN:
SF:services/services.js
FN:3,(anonymous_0)
FN:5,(anonymous_1)
FN:9,(anonymous_2)
FNF:3
FNH:0
FNDA:0,(anonymous_0)
FNDA:0,(anonymous_1)
FNDA:0,(anonymous_2)
DA:1,1
DA:3,1
DA:5,0
DA:7,0
DA:8,0
DA:10,0
DA:11,0
DA:18,1
LF:8
LH:3
BRF:0
BRH:0
end_of_record
TN:
SF:test/integration/calculator.js
FN:2,(anonymous_0)
FN:6,(anonymous_1)
FN:9,(anonymous_2)
FN:12,(anonymous_3)
FNF:4
FNH:4
FNDA:1,(anonymous_0)
FNDA:1,(anonymous_1)
FNDA:1,(anonymous_2)
FNDA:1,(anonymous_3)
DA:1,1
DA:3,1
DA:7,1
DA:10,1
DA:13,1
DA:16,1
LF:6
LH:6
BRF:0
BRH:0
end_of_record
TN:
SF:test/integration/inputdata.js
FNF:0
FNH:0
DA:3,1
DA:9,1
DA:12,1
DA:16,1
DA:19,1
DA:20,1
LF:6
LH:6
BRF:0
BRH:0
end_of_record
